<?xml version="1.0" encoding="UTF-8"?>
<!-- Generated by org.testng.reporters.JUnitReportReporter -->
<testsuite hostname="LTIN487732" failures="0" tests="10" name="testCases.TC02_Surgeriespage" time="5.172" errors="0" timestamp="2024-03-05T10:43:26 IST" skipped="0">
  <testcase classname="testCases.TC02_Surgeriespage" name="T001_goToSurgery" time="1.203"/>
  <system-out/>
  <testcase classname="testCases.TC02_Surgeriespage" name="T001_goToSurgery" time="2.985"/>
  <system-out/>
  <testcase classname="testCases.TC02_Surgeriespage" name="T002_validate" time="0.073"/>
  <system-out/>
  <testcase classname="testCases.TC02_Surgeriespage" name="T002_validate" time="0.007"/>
  <system-out/>
  <testcase classname="testCases.TC02_Surgeriespage" name="T003_ScrollDown" time="0.028"/>
  <system-out/>
  <testcase classname="testCases.TC02_Surgeriespage" name="T003_ScrollDown" time="0.026"/>
  <system-out/>
  <testcase classname="testCases.TC02_Surgeriespage" name="T004_listofsurgeries" time="0.360"/>
  <system-out/>
  <testcase classname="testCases.TC02_Surgeriespage" name="T004_listofsurgeries" time="0.470"/>
  <system-out/>
  <testcase classname="testCases.TC02_Surgeriespage" name="T005_ScrollUp" time="0.010"/>
  <system-out/>
  <testcase classname="testCases.TC02_Surgeriespage" name="T005_ScrollUp" time="0.010"/>
  <system-out/>
</testsuite> <!-- testCases.TC02_Surgeriespage -->
