<?xml version="1.0" encoding="UTF-8"?>
<!-- Generated by org.testng.reporters.JUnitReportReporter -->
<testsuite hostname="LTIN487732" failures="0" tests="8" name="testCases.TC01_Doctor" time="79.297" errors="0" timestamp="2024-03-05T10:43:26 IST" skipped="0">
  <testcase classname="testCases.TC01_Doctor" name="T001_homepage" time="0.049"/>
  <system-out/>
  <testcase classname="testCases.TC01_Doctor" name="T001_homepage" time="0.025"/>
  <system-out/>
  <testcase classname="testCases.TC01_Doctor" name="T002_DoctorType" time="5.947"/>
  <system-out/>
  <testcase classname="testCases.TC01_Doctor" name="T002_DoctorType" time="6.723"/>
  <system-out/>
  <testcase classname="testCases.TC01_Doctor" name="T003_applyingfilters" time="26.913"/>
  <system-out/>
  <testcase classname="testCases.TC01_Doctor" name="T003_applyingfilters" time="30.917"/>
  <system-out/>
  <testcase classname="testCases.TC01_Doctor" name="T004_DoctorInformation" time="4.289"/>
  <system-out/>
  <testcase classname="testCases.TC01_Doctor" name="T004_DoctorInformation" time="4.434"/>
  <system-out/>
</testsuite> <!-- testCases.TC01_Doctor -->
