<?xml version="1.0" encoding="UTF-8"?>
<!-- Generated by org.testng.reporters.JUnitReportReporter -->
<testsuite hostname="LTIN487732" failures="0" tests="4" name="testCases.TC01_Doctors" time="37.509" errors="0" timestamp="2024-03-05T10:09:29 IST" skipped="0">
  <testcase classname="testCases.TC01_Doctors" name="T001_homepage" time="0.069"/>
  <system-out/>
  <testcase classname="testCases.TC01_Doctors" name="T002_DoctorPage" time="5.808"/>
  <system-out/>
  <testcase classname="testCases.TC01_Doctors" name="T003_Filters" time="27.157"/>
  <system-out/>
  <testcase classname="testCases.TC01_Doctors" name="T004_DoctorInfo" time="4.475"/>
  <system-out/>
</testsuite> <!-- testCases.TC01_Doctors -->
