<?xml version="1.0" encoding="UTF-8"?>
<!-- Generated by org.testng.reporters.JUnitReportReporter -->
<testsuite hostname="LTIN487732" failures="0" tests="3" name="testCases.TC_FindingHospital" time="76.328" errors="0" timestamp="2024-03-05T10:25:33 IST" skipped="0">
  <testcase classname="testCases.TC_FindingHospital" name="T001_homepage" time="39.860"/>
  <system-out/>
  <testcase classname="testCases.TC_FindingHospital" name="TC002_SurgeryList" time="3.365"/>
  <system-out/>
  <testcase classname="testCases.TC_FindingHospital" name="TC003_Corporates" time="33.103"/>
  <system-out/>
</testsuite> <!-- testCases.TC_FindingHospital -->
