<?xml version="1.0" encoding="UTF-8"?>
<!-- Generated by org.testng.reporters.JUnitReportReporter -->
<testsuite hostname="LTIN487732" failures="0" tests="5" name="testCases.TC02_Surgeries" time="1.796" errors="0" timestamp="2024-03-05T10:09:29 IST" skipped="0">
  <testcase classname="testCases.TC02_Surgeries" name="T001_goToSurgery" time="1.256"/>
  <system-out/>
  <testcase classname="testCases.TC02_Surgeries" name="T002_validate" time="0.078"/>
  <system-out/>
  <testcase classname="testCases.TC02_Surgeries" name="T003_ScrollDown" time="0.025"/>
  <system-out/>
  <testcase classname="testCases.TC02_Surgeries" name="T004_SurgeryList" time="0.428"/>
  <system-out/>
  <testcase classname="testCases.TC02_Surgeries" name="T005_ScrollUp" time="0.009"/>
  <system-out/>
</testsuite> <!-- testCases.TC02_Surgeries -->
